\BOOKMARK [0][-]{chapter.1}{\376\377\000\332\000v\000o\000d}{}% 1
\BOOKMARK [0][-]{chapter.2}{\376\377\000J\000a\000v\000a\000\040\000E\000n\000t\000e\000r\000p\000r\000i\000s\000e\000\040\000e\000d\000i\000t\000i\000o\000n\000\040\0006}{}% 2
\BOOKMARK [1][-]{section.2.1}{\376\377\000A\000p\000l\000i\000k\000a\001\015\000n\000\375\000\040\000m\000o\000d\000e\000l}{chapter.2}% 3
\BOOKMARK [1][-]{section.2.2}{\376\377\000D\000i\000s\000t\000r\000i\000b\000u\000o\000v\000a\000n\000\341\000\040\000v\000i\000a\000c\000s\000t\000u\000p\001\110\000o\000v\000\341\000\040\000a\000p\000l\000i\000k\000\341\000c\000i\000a}{chapter.2}% 4
\BOOKMARK [1][-]{section.2.3}{\376\377\000B\000e\000z\000p\000e\001\015\000n\000o\000s\001\145}{chapter.2}% 5
\BOOKMARK [0][-]{chapter.3}{\376\377\000J\000a\000v\000a\000\040\000E\000E\000\040\000k\000o\000m\000p\000o\000n\000e\000n\000t\000y}{}% 6
\BOOKMARK [1][-]{section.3.1}{\376\377\000J\000a\000v\000a\000\040\000E\000E\000\040\000k\000l\000i\000e\000n\000t\000i}{chapter.3}% 7
\BOOKMARK [1][-]{section.3.2}{\376\377\000T\000h\000e\000\040\000J\000a\000v\000a\000B\000e\000a\000n\000s\000\040\000C\000o\000m\000p\000o\000n\000e\000n\000t\000\040\000A\000r\000c\000h\000i\000t\000e\000c\000t\000u\000r\000e}{chapter.3}% 8
\BOOKMARK [1][-]{section.3.3}{\376\377\000W\000e\000b\000o\000v\000\351\000\040\000k\000o\000m\000p\000o\000n\000e\000n\000t\000y}{chapter.3}% 9
\BOOKMARK [2][-]{subsection.3.3.1}{\376\377\000W\000e\000b\000\040\000S\000e\000r\000v\000i\000c\000e\000s}{section.3.3}% 10
\BOOKMARK [1][-]{section.3.4}{\376\377\000J\000a\000v\000a\000S\000e\000r\000v\000e\000r\000\040\000F\000a\000c\000e\000s}{chapter.3}% 11
\BOOKMARK [1][-]{section.3.5}{\376\377\000E\000n\000t\000e\000r\000p\000r\000i\000s\000e\000\040\000J\000a\000v\000a\000B\000e\000a\000n\000s}{chapter.3}% 12
\BOOKMARK [0][-]{chapter.4}{\376\377\000J\000B\000o\000s\000s}{}% 13
\BOOKMARK [1][-]{section.4.1}{\376\377\000H\000i\000s\000t\000\363\000r\000i\000a\000\040\000J\000B\000o\000o\000s\000-\000u}{chapter.4}% 14
\BOOKMARK [1][-]{section.4.2}{\376\377\000O\000p\000t\000a\000P\000l\000a\000n\000n\000e\000r}{chapter.4}% 15
\BOOKMARK [2][-]{subsection.4.2.1}{\376\377\000P\000r\000i\000n\000c\000\355\000p\000\040\000p\000l\000\341\000n\000o\000v\000a\000n\000i\000a}{section.4.2}% 16
\BOOKMARK [0][-]{chapter.5}{\376\377\000G\000r\000a\000f\000i\000c\000k\000\351\000\040\000u\001\176\000\355\000v\000a\000t\000e\001\076\000s\000k\000\351\000\040\000r\000o\000z\000h\000r\000a\000n\000i\000e}{}% 17
\BOOKMARK [1][-]{section.5.1}{\376\377\000T\000w\000i\000t\000t\000e\000r\000\040\000B\000o\000o\000t\000s\000t\000r\000a\000p}{chapter.5}% 18
\BOOKMARK [2][-]{subsection.5.1.1}{\376\377\000H\000i\000s\000t\000\363\000r\000i\000a}{section.5.1}% 19
\BOOKMARK [2][-]{subsection.5.1.2}{\376\377\000V\000\375\000h\000o\000d\000y}{section.5.1}% 20
\BOOKMARK [2][-]{subsection.5.1.3}{\376\377\000K\000o\000m\000p\000o\000n\000e\000n\000t\000y}{section.5.1}% 21
\BOOKMARK [1][-]{section.5.2}{\376\377\000N\000\341\000v\000r\000h\000\040\000r\000o\000z\000h\000r\000a\000n\000i\000a}{chapter.5}% 22
\BOOKMARK [0][-]{chapter.6}{\376\377\000Z\000\341\000v\000e\000r}{}% 23
